SF:lib/services/stats_service.dart
DA:7,3
DA:8,3
DA:9,2
DA:12,3
DA:13,3
DA:16,3
DA:17,6
DA:18,6
DA:21,3
DA:22,6
DA:23,6
DA:26,3
DA:27,6
DA:28,6
DA:31,3
DA:32,6
DA:33,6
DA:36,3
DA:37,6
DA:38,6
DA:41,3
DA:42,6
DA:45,3
DA:46,6
DA:47,6
DA:50,3
DA:51,6
DA:54,3
DA:55,6
DA:58,3
DA:60,3
DA:69,3
DA:73,3
DA:76,6
DA:77,6
DA:81,5
DA:82,12
DA:89,1
DA:90,1
DA:91,2
DA:95,1
DA:96,1
DA:98,1
DA:103,2
DA:104,2
DA:105,1
DA:106,1
DA:114,3
DA:117,3
DA:119,6
DA:120,9
DA:122,6
DA:123,18
DA:131,3
DA:132,3
DA:134,6
DA:135,3
DA:138,6
DA:139,4
DA:140,3
DA:141,6
DA:143,6
DA:151,1
DA:152,1
DA:156,0
DA:157,0
DA:161,1
DA:162,1
DA:163,2
DA:165,1
DA:170,1
DA:181,3
DA:196,1
DA:205,1
DA:206,2
DA:207,1
DA:209,2
DA:213,1
DA:214,5
DA:217,0
DA:219,0
LF:81
LH:77
end_of_record
SF:lib/models/enums.dart
DA:40,0
DA:42,0
DA:44,0
DA:46,0
DA:48,0
DA:50,0
DA:52,0
DA:54,0
DA:56,0
DA:58,0
DA:60,0
DA:66,3
DA:68,3
DA:69,3
DA:70,3
DA:72,3
DA:73,3
DA:75,3
DA:76,3
DA:77,3
DA:78,3
DA:79,3
DA:85,0
DA:87,0
DA:89,0
DA:91,0
DA:93,0
DA:95,0
DA:97,0
DA:99,0
DA:101,0
DA:103,0
DA:105,0
DA:111,0
DA:113,0
DA:115,0
DA:117,0
DA:119,0
DA:121,0
DA:123,0
DA:125,0
DA:127,0
DA:129,0
DA:131,0
DA:159,0
DA:161,0
DA:163,0
DA:165,0
DA:167,0
DA:169,0
DA:171,0
DA:177,0
DA:179,0
DA:181,0
DA:183,0
DA:185,0
DA:187,0
DA:189,0
DA:195,0
DA:197,0
DA:199,0
DA:201,0
DA:203,0
DA:205,0
DA:207,0
DA:260,0
DA:262,0
DA:264,0
DA:266,0
DA:268,0
DA:270,0
DA:272,0
DA:274,0
DA:276,0
DA:278,0
DA:280,0
DA:282,0
DA:284,0
DA:290,0
DA:292,0
DA:294,0
DA:296,0
DA:298,0
DA:300,0
DA:302,0
DA:304,0
DA:306,0
DA:308,0
DA:310,0
DA:312,0
DA:314,0
DA:320,0
DA:322,0
DA:324,0
DA:326,0
DA:328,0
DA:330,0
DA:332,0
DA:334,0
DA:336,0
DA:338,0
DA:340,0
DA:342,0
DA:344,0
DA:350,0
DA:352,0
DA:354,0
DA:356,0
DA:358,0
DA:360,0
DA:362,0
DA:364,0
DA:366,0
DA:368,0
DA:370,0
DA:372,0
DA:374,0
DA:380,0
DA:382,0
DA:384,0
DA:386,0
DA:388,0
DA:390,0
DA:392,0
DA:394,0
DA:396,0
DA:398,0
DA:400,0
DA:402,0
DA:404,0
DA:410,0
DA:412,0
DA:414,0
DA:416,0
DA:418,0
DA:420,0
DA:422,0
DA:424,0
DA:426,0
DA:428,0
DA:430,0
DA:432,0
DA:434,0
LF:143
LH:11
end_of_record
SF:lib/models/enums.g.dart
DA:13,0
DA:15,0
DA:16,0
DA:18,0
DA:20,0
DA:22,0
DA:24,0
DA:26,0
DA:28,0
DA:30,0
DA:32,0
DA:34,0
DA:41,0
DA:44,0
DA:45,0
DA:47,0
DA:48,0
DA:50,0
DA:51,0
DA:53,0
DA:54,0
DA:56,0
DA:57,0
DA:59,0
DA:60,0
DA:62,0
DA:63,0
DA:65,0
DA:66,0
DA:68,0
DA:69,0
DA:71,0
DA:72,0
DA:77,0
DA:78,0
DA:80,0
DA:83,0
DA:84,0
DA:85,0
DA:92,0
DA:94,0
DA:95,0
DA:97,0
DA:99,0
DA:101,0
DA:103,0
DA:105,0
DA:112,0
DA:115,0
DA:116,0
DA:118,0
DA:119,0
DA:121,0
DA:122,0
DA:124,0
DA:125,0
DA:127,0
DA:128,0
DA:130,0
DA:131,0
DA:136,0
DA:137,0
DA:139,0
DA:142,0
DA:143,0
DA:144,0
DA:151,0
DA:153,0
DA:154,0
DA:156,0
DA:158,0
DA:160,0
DA:162,0
DA:164,0
DA:166,0
DA:168,0
DA:170,0
DA:172,0
DA:174,0
DA:176,0
DA:183,0
DA:186,0
DA:187,0
DA:189,0
DA:190,0
DA:192,0
DA:193,0
DA:195,0
DA:196,0
DA:198,0
DA:199,0
DA:201,0
DA:202,0
DA:204,0
DA:205,0
DA:207,0
DA:208,0
DA:210,0
DA:211,0
DA:213,0
DA:214,0
DA:216,0
DA:217,0
DA:219,0
DA:220,0
DA:225,0
DA:226,0
DA:228,0
DA:231,0
DA:232,0
DA:233,0
LF:111
LH:0
end_of_record
SF:lib/models/user.g.dart
DA:13,0
DA:15,0
DA:16,0
DA:17,0
DA:19,0
DA:20,0
DA:21,0
DA:22,0
DA:23,0
DA:24,0
DA:25,0
DA:26,0
DA:27,0
DA:28,0
DA:29,0
DA:33,0
DA:36,0
DA:37,0
DA:38,0
DA:39,0
DA:40,0
DA:41,0
DA:42,0
DA:43,0
DA:44,0
DA:45,0
DA:46,0
DA:47,0
DA:48,0
DA:49,0
DA:50,0
DA:51,0
DA:52,0
DA:53,0
DA:54,0
DA:55,0
DA:56,0
DA:59,0
DA:60,0
DA:62,0
DA:65,0
DA:66,0
DA:67,0
LF:43
LH:0
end_of_record
SF:lib/models/user.dart
DA:40,4
DA:51,4
DA:54,4
DA:59,4
DA:65,4
DA:66,4
DA:67,4
DA:68,4
DA:69,4
DA:70,4
DA:71,4
DA:73,4
DA:74,4
DA:80,3
DA:81,9
DA:85,3
DA:86,9
DA:90,1
DA:91,1
DA:92,2
DA:96,3
DA:97,9
DA:101,3
DA:102,9
DA:106,1
DA:107,5
DA:111,0
DA:112,0
DA:116,1
DA:117,3
DA:121,1
DA:122,1
DA:124,3
DA:125,2
DA:126,1
DA:131,0
DA:132,0
DA:136,4
DA:148,4
DA:149,4
DA:150,4
DA:151,4
DA:152,4
DA:153,3
DA:154,8
DA:155,4
DA:156,4
DA:157,4
DA:158,8
DA:163,0
DA:164,0
DA:165,0
DA:166,0
DA:167,0
DA:168,0
DA:169,0
DA:170,0
DA:171,0
DA:172,0
DA:173,0
DA:174,0
DA:175,0
DA:181,0
DA:182,0
DA:183,0
DA:184,0
DA:185,0
DA:186,0
DA:187,0
DA:188,0
DA:189,0
DA:190,0
DA:191,0
DA:192,0
DA:193,0
DA:198,0
DA:199,0
DA:200,0
DA:201,0
DA:206,0
DA:207,0
DA:208,0
DA:209,0
DA:210,0
DA:211,0
DA:212,0
DA:217,0
DA:221,0
DA:223,0
LF:89
LH:45
end_of_record
SF:lib/services/exp_service.dart
DA:7,3
DA:8,3
DA:9,3
DA:11,12
DA:17,3
DA:18,3
DA:19,2
DA:22,3
DA:26,3
DA:30,3
DA:31,6
DA:33,6
DA:34,3
DA:36,3
DA:43,3
DA:44,3
DA:47,6
DA:48,3
DA:49,3
DA:50,3
DA:51,3
DA:54,3
DA:59,3
DA:68,3
DA:69,3
DA:71,3
DA:75,3
DA:76,3
DA:77,3
DA:82,3
DA:83,3
DA:84,2
DA:87,3
DA:88,6
DA:91,3
DA:95,2
DA:96,4
DA:97,6
DA:101,1
DA:102,2
DA:103,3
DA:114,3
DA:121,0
DA:123,0
LF:44
LH:42
end_of_record
SF:lib/services/degradation_service.dart
DA:19,3
DA:28,3
DA:29,3
DA:31,3
DA:35,3
DA:40,3
DA:44,3
DA:45,3
DA:48,6
DA:51,3
DA:54,3
DA:60,3
DA:62,3
DA:63,3
DA:64,1
DA:65,1
DA:66,1
DA:67,1
DA:72,3
DA:76,3
DA:79,3
DA:80,3
DA:83,3
DA:89,3
DA:90,6
DA:91,3
DA:96,3
DA:102,3
DA:103,2
DA:104,1
DA:112,3
DA:116,3
DA:118,3
DA:122,6
DA:125,6
DA:126,6
DA:127,3
DA:128,9
DA:129,3
DA:132,3
DA:134,3
DA:139,3
DA:143,3
DA:144,3
DA:148,3
DA:152,3
DA:155,3
DA:157,2
DA:158,2
DA:159,2
DA:162,1
DA:163,1
DA:169,3
DA:171,2
DA:172,2
DA:173,2
DA:176,1
DA:177,1
DA:186,3
DA:192,2
DA:194,6
DA:199,2
DA:201,8
DA:202,8
DA:204,2
DA:205,2
DA:207,8
DA:208,2
DA:216,3
DA:219,6
DA:220,6
DA:221,3
DA:223,1
DA:234,1
DA:235,1
DA:236,2
DA:241,1
DA:246,1
DA:254,1
DA:255,1
DA:256,4
DA:257,1
DA:263,1
DA:275,2
DA:283,1
DA:284,1
DA:285,1
DA:287,0
DA:289,0
DA:295,1
DA:296,1
DA:297,3
DA:299,3
DA:304,2
DA:305,6
DA:307,6
DA:309,2
DA:316,0
DA:318,0
LF:99
LH:95
end_of_record
